2026-03-06 10:58:33,445 - main - INFO - === Logging system initialized ===
2026-03-06 10:58:33,445 - main - INFO - Log file: logs/app_20260306_105833.log
2026-03-06 10:58:33,445 - main - INFO - Log level: INFO
2026-03-06 10:58:33,445 - main - INFO - Timestamp: 20260306_105833
2026-03-06 10:58:34,848 - main - INFO - Included router: routers.aihub.router
2026-03-06 10:58:34,871 - main - INFO - Included router: routers.auth.router
2026-03-06 10:58:34,873 - main - INFO - Included router: routers.health.router
2026-03-06 10:58:34,896 - main - INFO - Included router: routers.settings.router
2026-03-06 10:58:35,026 - main - INFO - Included router: routers.storage.router
2026-03-06 10:58:36,186 - main - INFO - Included router: routers.telegram.router
2026-03-06 10:58:36,209 - main - INFO - Included router: routers.user.router
2026-03-06 10:58:36,210 - main - INFO - === Application startup initiated ===
2026-03-06 10:58:36,211 - services.database - DEBUG - [DB_OP] Starting database initialization
2026-03-06 10:58:36,211 - services.database - INFO - 🔧 Starting database initialization...
2026-03-06 10:58:36,211 - core.database - INFO - Starting database initialization...
2026-03-06 10:58:36,211 - core.config - DEBUG - Read dynamic attribute database_url from environment variable DATABASE_URL
2026-03-06 10:58:36,211 - core.database - INFO - Normalizing database URL for async compatibility...
2026-03-06 10:58:36,212 - core.database - INFO - Creating async database engine...
2026-03-06 10:58:36,212 - core.database - INFO - Using QueuePool with connection pooling for non-Lambda environment
2026-03-06 10:58:36,362 - core.database - INFO - Database engine created successfully
2026-03-06 10:58:36,363 - core.database - INFO - Creating async session maker...
2026-03-06 10:58:36,363 - core.database - INFO - Async session maker created successfully
2026-03-06 10:58:36,363 - core.database - INFO - Database connection initialized successfully
2026-03-06 10:58:36,363 - services.database - INFO - 🔧 Database connection initialized, now creating tables if tables not exist...
2026-03-06 10:58:36,364 - core.database - DEBUG - [DB_OP] Starting create_tables
2026-03-06 10:58:36,364 - core.database - INFO - 🔧 Starting table creation...
2026-03-06 10:58:58,372 - core.database - INFO - Tables initialized successfully
2026-03-06 10:58:58,372 - core.database - DEBUG - [DB_OP] Create tables completed in 22.0087s
2026-03-06 10:58:58,431 - services.database - INFO - 🔧 Table creation completed
2026-03-06 10:58:58,432 - services.database - INFO - Database initialized successfully
2026-03-06 10:58:58,432 - services.database - DEBUG - [DB_OP] Database initialization completed in 22.2212s
2026-03-06 10:58:58,433 - services.mock_data - INFO - mock_data directory not found, skipping mock initialization
2026-03-06 10:58:58,433 - services.database - DEBUG - [DB_OP] Starting database initialization
2026-03-06 10:58:58,433 - services.database - INFO - 🔧 Starting database initialization...
2026-03-06 10:58:58,433 - core.database - INFO - Starting database initialization...
2026-03-06 10:58:58,433 - core.database - INFO - Database already initialized
2026-03-06 10:58:58,433 - services.database - INFO - 🔧 Database connection initialized, now creating tables if tables not exist...
2026-03-06 10:58:58,434 - core.database - DEBUG - [DB_OP] Starting create_tables
2026-03-06 10:58:58,434 - core.database - INFO - Tables already initialized
2026-03-06 10:58:58,434 - services.database - INFO - 🔧 Table creation completed
2026-03-06 10:58:58,434 - services.database - INFO - Database initialized successfully
2026-03-06 10:58:58,434 - services.database - DEBUG - [DB_OP] Database initialization completed in 0.0013s
2026-03-06 10:58:58,434 - core.config - DEBUG - Read dynamic attribute admin_user_id from environment variable ADMIN_USER_ID
2026-03-06 10:58:58,434 - core.config - DEBUG - Read dynamic attribute admin_user_email from environment variable ADMIN_USER_EMAIL
2026-03-06 10:58:58,863 - services.auth - DEBUG - Admin user 993861 already exists
2026-03-06 10:58:58,922 - main - INFO - === Application startup completed successfully ===
2026-03-06 10:58:59,023 - services.database - DEBUG - [DB_OP] Starting database close
2026-03-06 10:58:59,085 - core.database - INFO - Database connection closed and engine disposed
2026-03-06 10:58:59,085 - services.database - INFO - Database connections closed
2026-03-06 10:58:59,086 - services.database - DEBUG - [DB_OP] Database close completed in 0.0621s
