2026-03-06 12:05:24,991 - main - INFO - === Logging system initialized ===
2026-03-06 12:05:24,991 - main - INFO - Log file: logs/app_20260306_120524.log
2026-03-06 12:05:24,992 - main - INFO - Log level: INFO
2026-03-06 12:05:24,992 - main - INFO - Timestamp: 20260306_120524
2026-03-06 12:05:25,909 - main - INFO - Included router: routers.aihub.router
2026-03-06 12:05:25,931 - main - INFO - Included router: routers.auth.router
2026-03-06 12:05:25,977 - main - INFO - Included router: routers.authorized_roles.router
2026-03-06 12:05:26,121 - main - INFO - Included router: routers.bot_filters.router
2026-03-06 12:05:26,185 - main - INFO - Included router: routers.chat_groups.router
2026-03-06 12:05:26,204 - main - INFO - Included router: routers.health.router
2026-03-06 12:05:26,275 - main - INFO - Included router: routers.notifications.router
2026-03-06 12:05:26,362 - main - INFO - Included router: routers.protection_settings.router
2026-03-06 12:05:26,397 - main - INFO - Included router: routers.settings.router
2026-03-06 12:05:26,464 - main - INFO - Included router: routers.site_commands.router
2026-03-06 12:05:26,519 - main - INFO - Included router: routers.storage.router
2026-03-06 12:05:26,760 - main - INFO - Included router: routers.telegram.router
2026-03-06 12:05:26,772 - main - INFO - Included router: routers.user.router
2026-03-06 12:05:26,825 - main - INFO - Included router: routers.warnings.router
2026-03-06 12:05:26,827 - main - INFO - === Application startup initiated ===
2026-03-06 12:05:26,827 - services.database - DEBUG - [DB_OP] Starting database initialization
2026-03-06 12:05:26,827 - services.database - INFO - 🔧 Starting database initialization...
2026-03-06 12:05:26,827 - core.database - INFO - Starting database initialization...
2026-03-06 12:05:26,827 - core.config - DEBUG - Read dynamic attribute database_url from environment variable DATABASE_URL
2026-03-06 12:05:26,828 - core.database - INFO - Normalizing database URL for async compatibility...
2026-03-06 12:05:26,829 - core.database - INFO - Creating async database engine...
2026-03-06 12:05:26,829 - core.database - INFO - Using QueuePool with connection pooling for non-Lambda environment
2026-03-06 12:05:26,882 - core.database - INFO - Database engine created successfully
2026-03-06 12:05:26,882 - core.database - INFO - Creating async session maker...
2026-03-06 12:05:26,882 - core.database - INFO - Async session maker created successfully
2026-03-06 12:05:26,882 - core.database - INFO - Database connection initialized successfully
2026-03-06 12:05:26,882 - services.database - INFO - 🔧 Database connection initialized, now creating tables if tables not exist...
2026-03-06 12:05:26,882 - core.database - DEBUG - [DB_OP] Starting create_tables
2026-03-06 12:05:26,882 - core.database - INFO - 🔧 Starting table creation...
2026-03-06 12:05:28,557 - core.database - INFO - Tables initialized successfully
2026-03-06 12:05:28,558 - core.database - DEBUG - [DB_OP] Create tables completed in 1.6751s
2026-03-06 12:05:28,617 - services.database - INFO - 🔧 Table creation completed
2026-03-06 12:05:28,617 - services.database - INFO - Database initialized successfully
2026-03-06 12:05:28,617 - services.database - DEBUG - [DB_OP] Database initialization completed in 1.7900s
2026-03-06 12:05:28,618 - services.mock_data - INFO - Processing mock data file authorized_roles.json for table authorized_roles
2026-03-06 12:05:28,619 - services.mock_data - INFO - Processing mock data file bot_filters.json for table bot_filters
2026-03-06 12:05:28,621 - services.mock_data - INFO - Processing mock data file chat_groups.json for table chat_groups
2026-03-06 12:05:28,622 - services.mock_data - INFO - Processing mock data file notifications.json for table notifications
2026-03-06 12:05:28,624 - services.mock_data - INFO - Processing mock data file protection_settings.json for table protection_settings
2026-03-06 12:05:30,684 - services.mock_data - INFO - Table authorized_roles already has 3 rows; skipping mock insert
2026-03-06 12:05:30,694 - services.mock_data - INFO - Table chat_groups already has 4 rows; skipping mock insert
2026-03-06 12:05:30,744 - services.mock_data - INFO - Processing mock data file site_commands.json for table site_commands
2026-03-06 12:05:30,753 - services.mock_data - INFO - Processing mock data file warnings.json for table warnings
2026-03-06 12:05:30,753 - services.mock_data - INFO - Table protection_settings already has 4 rows; skipping mock insert
2026-03-06 12:05:30,780 - services.mock_data - INFO - Table bot_filters already has 3 rows; skipping mock insert
2026-03-06 12:05:30,781 - services.mock_data - INFO - Table notifications already has 6 rows; skipping mock insert
2026-03-06 12:05:31,692 - services.mock_data - INFO - Table site_commands already has 4 rows; skipping mock insert
2026-03-06 12:05:31,745 - services.mock_data - INFO - Table warnings already has 5 rows; skipping mock insert
2026-03-06 12:05:31,803 - services.database - DEBUG - [DB_OP] Starting database initialization
2026-03-06 12:05:31,803 - services.database - INFO - 🔧 Starting database initialization...
2026-03-06 12:05:31,804 - core.database - INFO - Starting database initialization...
2026-03-06 12:05:31,804 - core.database - INFO - Database already initialized
2026-03-06 12:05:31,804 - services.database - INFO - 🔧 Database connection initialized, now creating tables if tables not exist...
2026-03-06 12:05:31,804 - core.database - DEBUG - [DB_OP] Starting create_tables
2026-03-06 12:05:31,804 - core.database - INFO - Tables already initialized
2026-03-06 12:05:31,804 - services.database - INFO - 🔧 Table creation completed
2026-03-06 12:05:31,805 - services.database - INFO - Database initialized successfully
2026-03-06 12:05:31,805 - services.database - DEBUG - [DB_OP] Database initialization completed in 0.0017s
2026-03-06 12:05:31,805 - core.config - DEBUG - Read dynamic attribute admin_user_id from environment variable ADMIN_USER_ID
2026-03-06 12:05:31,805 - core.config - DEBUG - Read dynamic attribute admin_user_email from environment variable ADMIN_USER_EMAIL
2026-03-06 12:05:32,317 - services.auth - DEBUG - Admin user 993861 already exists
2026-03-06 12:05:32,375 - main - INFO - === Application startup completed successfully ===
2026-03-06 12:05:38,911 - core.database - DEBUG - [DB_OP] Starting get_db session creation
2026-03-06 12:05:38,911 - core.database - DEBUG - [DB_OP] Database session created successfully in 0.0004s
2026-03-06 12:05:38,913 - routers.site_commands - DEBUG - Querying site_commandss: query={}, sort=None, skip=0, limit=1000, fields=None
2026-03-06 12:05:38,918 - core.database - DEBUG - [DB_OP] Starting get_db session creation
2026-03-06 12:05:38,918 - core.database - DEBUG - [DB_OP] Database session created successfully in 0.0004s
2026-03-06 12:05:38,919 - routers.notifications - DEBUG - Querying notificationss: query={}, sort=None, skip=0, limit=1000, fields=None
2026-03-06 12:05:38,923 - core.database - DEBUG - [DB_OP] Starting get_db session creation
2026-03-06 12:05:38,923 - core.database - DEBUG - [DB_OP] Database session created successfully in 0.0003s
2026-03-06 12:05:38,924 - routers.warnings - DEBUG - Querying warningss: query={}, sort=None, skip=0, limit=1000, fields=None
2026-03-06 12:05:38,927 - core.database - DEBUG - [DB_OP] Starting get_db session creation
2026-03-06 12:05:38,927 - core.database - DEBUG - [DB_OP] Database session created successfully in 0.0002s
2026-03-06 12:05:38,928 - routers.chat_groups - DEBUG - Querying chat_groupss: query={}, sort=None, skip=0, limit=1000, fields=None
2026-03-06 12:05:38,929 - core.database - DEBUG - [DB_OP] Starting get_db session creation
2026-03-06 12:05:38,929 - core.database - DEBUG - [DB_OP] Database session created successfully in 0.0002s
2026-03-06 12:05:38,929 - routers.notifications - DEBUG - Querying notificationss: query={}, sort=-created_at, skip=0, limit=50, fields=None
2026-03-06 12:05:39,391 - routers.chat_groups - DEBUG - Found 4 chat_groupss
2026-03-06 12:05:39,393 - core.database - DEBUG - [DB_OP] Database session cleanup after 0.4655s
2026-03-06 12:05:39,393 - routers.notifications - DEBUG - Found 6 notificationss
2026-03-06 12:05:39,394 - core.database - DEBUG - [DB_OP] Database session cleanup after 0.4653s
2026-03-06 12:05:39,397 - routers.warnings - DEBUG - Found 5 warningss
2026-03-06 12:05:39,397 - core.database - DEBUG - [DB_OP] Database session cleanup after 0.4745s
2026-03-06 12:05:39,445 - routers.site_commands - DEBUG - Found 4 site_commandss
2026-03-06 12:05:39,446 - core.database - DEBUG - [DB_OP] Database session cleanup after 0.5350s
2026-03-06 12:05:39,447 - routers.notifications - DEBUG - Found 6 notificationss
2026-03-06 12:05:39,448 - core.database - DEBUG - [DB_OP] Database session cleanup after 0.5298s
2026-03-06 12:06:09,078 - core.database - DEBUG - [DB_OP] Starting get_db session creation
2026-03-06 12:06:09,079 - core.database - DEBUG - [DB_OP] Database session created successfully in 0.0004s
2026-03-06 12:06:09,079 - routers.notifications - DEBUG - Querying notificationss: query={}, sort=-created_at, skip=0, limit=50, fields=None
2026-03-06 12:06:09,548 - routers.notifications - DEBUG - Found 6 notificationss
2026-03-06 12:06:09,549 - core.database - DEBUG - [DB_OP] Database session cleanup after 0.4703s
2026-03-06 12:06:39,083 - core.database - DEBUG - [DB_OP] Starting get_db session creation
2026-03-06 12:06:39,083 - core.database - DEBUG - [DB_OP] Database session created successfully in 0.0006s
2026-03-06 12:06:39,084 - routers.notifications - DEBUG - Querying notificationss: query={}, sort=-created_at, skip=0, limit=50, fields=None
2026-03-06 12:06:39,438 - routers.notifications - DEBUG - Found 6 notificationss
2026-03-06 12:06:39,438 - core.database - DEBUG - [DB_OP] Database session cleanup after 0.3560s
2026-03-06 12:07:09,083 - core.database - DEBUG - [DB_OP] Starting get_db session creation
2026-03-06 12:07:09,083 - core.database - DEBUG - [DB_OP] Database session created successfully in 0.0004s
2026-03-06 12:07:09,084 - routers.notifications - DEBUG - Querying notificationss: query={}, sort=-created_at, skip=0, limit=50, fields=None
2026-03-06 12:07:09,564 - routers.notifications - DEBUG - Found 6 notificationss
2026-03-06 12:07:09,565 - core.database - DEBUG - [DB_OP] Database session cleanup after 0.4824s
2026-03-06 12:07:39,091 - core.database - DEBUG - [DB_OP] Starting get_db session creation
2026-03-06 12:07:39,092 - core.database - DEBUG - [DB_OP] Database session created successfully in 0.0006s
2026-03-06 12:07:39,093 - routers.notifications - DEBUG - Querying notificationss: query={}, sort=-created_at, skip=0, limit=50, fields=None
2026-03-06 12:07:39,563 - routers.notifications - DEBUG - Found 6 notificationss
2026-03-06 12:07:39,564 - core.database - DEBUG - [DB_OP] Database session cleanup after 0.4726s
2026-03-06 12:08:09,100 - core.database - DEBUG - [DB_OP] Starting get_db session creation
2026-03-06 12:08:09,100 - core.database - DEBUG - [DB_OP] Database session created successfully in 0.0005s
2026-03-06 12:08:09,101 - routers.notifications - DEBUG - Querying notificationss: query={}, sort=-created_at, skip=0, limit=50, fields=None
2026-03-06 12:08:09,510 - routers.notifications - DEBUG - Found 6 notificationss
2026-03-06 12:08:09,511 - core.database - DEBUG - [DB_OP] Database session cleanup after 0.4114s
2026-03-06 12:08:39,108 - core.database - DEBUG - [DB_OP] Starting get_db session creation
2026-03-06 12:08:39,109 - core.database - DEBUG - [DB_OP] Database session created successfully in 0.0005s
2026-03-06 12:08:39,109 - routers.notifications - DEBUG - Querying notificationss: query={}, sort=-created_at, skip=0, limit=50, fields=None
2026-03-06 12:08:39,458 - routers.notifications - DEBUG - Found 6 notificationss
2026-03-06 12:08:39,459 - core.database - DEBUG - [DB_OP] Database session cleanup after 0.3507s
2026-03-06 12:09:24,165 - core.database - DEBUG - [DB_OP] Starting get_db session creation
2026-03-06 12:09:24,165 - core.database - DEBUG - [DB_OP] Database session created successfully in 0.0005s
2026-03-06 12:09:24,166 - routers.notifications - DEBUG - Querying notificationss: query={}, sort=-created_at, skip=0, limit=50, fields=None
2026-03-06 12:09:24,523 - routers.notifications - DEBUG - Found 6 notificationss
2026-03-06 12:09:24,523 - core.database - DEBUG - [DB_OP] Database session cleanup after 0.3586s
2026-03-06 12:10:24,295 - core.database - DEBUG - [DB_OP] Starting get_db session creation
2026-03-06 12:10:24,296 - core.database - DEBUG - [DB_OP] Database session created successfully in 0.0004s
2026-03-06 12:10:24,296 - routers.notifications - DEBUG - Querying notificationss: query={}, sort=-created_at, skip=0, limit=50, fields=None
2026-03-06 12:10:24,651 - routers.notifications - DEBUG - Found 6 notificationss
2026-03-06 12:10:24,651 - core.database - DEBUG - [DB_OP] Database session cleanup after 0.3558s
2026-03-06 12:10:30,934 - core.database - DEBUG - [DB_OP] Starting get_db session creation
2026-03-06 12:10:30,935 - core.database - DEBUG - [DB_OP] Database session created successfully in 0.0004s
2026-03-06 12:10:30,935 - routers.notifications - DEBUG - Querying notificationss: query={}, sort=-created_at, skip=0, limit=50, fields=None
2026-03-06 12:10:30,937 - core.database - DEBUG - [DB_OP] Starting get_db session creation
2026-03-06 12:10:30,937 - core.database - DEBUG - [DB_OP] Database session created successfully in 0.0003s
2026-03-06 12:10:30,937 - routers.warnings - DEBUG - Querying warningss: query={}, sort=None, skip=0, limit=1000, fields=None
2026-03-06 12:10:30,938 - core.database - DEBUG - [DB_OP] Starting get_db session creation
2026-03-06 12:10:30,940 - core.database - DEBUG - [DB_OP] Database session created successfully in 0.0019s
2026-03-06 12:10:30,941 - routers.notifications - DEBUG - Querying notificationss: query={}, sort=None, skip=0, limit=1000, fields=None
2026-03-06 12:10:31,109 - core.database - DEBUG - [DB_OP] Starting get_db session creation
2026-03-06 12:10:31,109 - core.database - DEBUG - [DB_OP] Database session created successfully in 0.0005s
2026-03-06 12:10:31,109 - routers.site_commands - DEBUG - Querying site_commandss: query={}, sort=None, skip=0, limit=1000, fields=None
2026-03-06 12:10:31,116 - core.database - DEBUG - [DB_OP] Starting get_db session creation
2026-03-06 12:10:31,116 - core.database - DEBUG - [DB_OP] Database session created successfully in 0.0003s
2026-03-06 12:10:31,116 - routers.chat_groups - DEBUG - Querying chat_groupss: query={}, sort=None, skip=0, limit=1000, fields=None
2026-03-06 12:10:31,287 - routers.notifications - DEBUG - Found 6 notificationss
2026-03-06 12:10:31,288 - core.database - DEBUG - [DB_OP] Database session cleanup after 0.3536s
2026-03-06 12:10:31,575 - routers.warnings - DEBUG - Found 5 warningss
2026-03-06 12:10:31,576 - core.database - DEBUG - [DB_OP] Database session cleanup after 0.6396s
2026-03-06 12:10:31,639 - routers.notifications - DEBUG - Found 6 notificationss
2026-03-06 12:10:31,640 - core.database - DEBUG - [DB_OP] Database session cleanup after 0.7018s
2026-03-06 12:10:31,749 - routers.site_commands - DEBUG - Found 4 site_commandss
2026-03-06 12:10:31,750 - core.database - DEBUG - [DB_OP] Database session cleanup after 0.6416s
2026-03-06 12:10:31,881 - routers.chat_groups - DEBUG - Found 4 chat_groupss
2026-03-06 12:10:31,882 - core.database - DEBUG - [DB_OP] Database session cleanup after 0.7667s
2026-03-06 12:11:01,218 - core.database - DEBUG - [DB_OP] Starting get_db session creation
2026-03-06 12:11:01,218 - core.database - DEBUG - [DB_OP] Database session created successfully in 0.0004s
2026-03-06 12:11:01,218 - routers.notifications - DEBUG - Querying notificationss: query={}, sort=-created_at, skip=0, limit=50, fields=None
2026-03-06 12:11:01,861 - routers.notifications - DEBUG - Found 6 notificationss
2026-03-06 12:11:01,861 - core.database - DEBUG - [DB_OP] Database session cleanup after 0.6435s
2026-03-06 12:11:31,124 - core.database - DEBUG - [DB_OP] Starting get_db session creation
2026-03-06 12:11:31,125 - core.database - DEBUG - [DB_OP] Database session created successfully in 0.0005s
2026-03-06 12:11:31,125 - routers.notifications - DEBUG - Querying notificationss: query={}, sort=-created_at, skip=0, limit=50, fields=None
2026-03-06 12:11:31,594 - routers.notifications - DEBUG - Found 6 notificationss
2026-03-06 12:11:31,596 - core.database - DEBUG - [DB_OP] Database session cleanup after 0.4718s
2026-03-06 12:12:01,088 - core.database - DEBUG - [DB_OP] Starting get_db session creation
2026-03-06 12:12:01,091 - core.database - DEBUG - [DB_OP] Database session created successfully in 0.0030s
2026-03-06 12:12:01,092 - routers.notifications - DEBUG - Querying notificationss: query={}, sort=-created_at, skip=0, limit=50, fields=None
2026-03-06 12:12:01,442 - routers.notifications - DEBUG - Found 6 notificationss
2026-03-06 12:12:01,443 - core.database - DEBUG - [DB_OP] Database session cleanup after 0.3549s
2026-03-06 12:12:31,232 - core.database - DEBUG - [DB_OP] Starting get_db session creation
2026-03-06 12:12:31,233 - core.database - DEBUG - [DB_OP] Database session created successfully in 0.0005s
2026-03-06 12:12:31,233 - routers.notifications - DEBUG - Querying notificationss: query={}, sort=-created_at, skip=0, limit=50, fields=None
2026-03-06 12:12:31,700 - routers.notifications - DEBUG - Found 6 notificationss
2026-03-06 12:12:31,700 - core.database - DEBUG - [DB_OP] Database session cleanup after 0.4682s
2026-03-06 12:13:01,290 - core.database - DEBUG - [DB_OP] Starting get_db session creation
2026-03-06 12:13:01,291 - core.database - DEBUG - [DB_OP] Database session created successfully in 0.0007s
2026-03-06 12:13:01,292 - routers.notifications - DEBUG - Querying notificationss: query={}, sort=-created_at, skip=0, limit=50, fields=None
2026-03-06 12:13:01,648 - routers.notifications - DEBUG - Found 6 notificationss
2026-03-06 12:13:01,649 - core.database - DEBUG - [DB_OP] Database session cleanup after 0.3588s
2026-03-06 12:13:30,994 - core.database - DEBUG - [DB_OP] Starting get_db session creation
2026-03-06 12:13:30,995 - core.database - DEBUG - [DB_OP] Database session created successfully in 0.0005s
2026-03-06 12:13:30,995 - routers.notifications - DEBUG - Querying notificationss: query={}, sort=-created_at, skip=0, limit=50, fields=None
2026-03-06 12:13:31,347 - routers.notifications - DEBUG - Found 6 notificationss
2026-03-06 12:13:31,348 - core.database - DEBUG - [DB_OP] Database session cleanup after 0.3538s
2026-03-06 12:14:01,416 - core.database - DEBUG - [DB_OP] Starting get_db session creation
2026-03-06 12:14:01,417 - core.database - DEBUG - [DB_OP] Database session created successfully in 0.0004s
2026-03-06 12:14:01,417 - routers.notifications - DEBUG - Querying notificationss: query={}, sort=-created_at, skip=0, limit=50, fields=None
2026-03-06 12:14:01,769 - routers.notifications - DEBUG - Found 6 notificationss
2026-03-06 12:14:01,770 - core.database - DEBUG - [DB_OP] Database session cleanup after 0.3539s
2026-03-06 12:14:29,113 - core.database - DEBUG - [DB_OP] Starting get_db session creation
2026-03-06 12:14:29,113 - core.database - DEBUG - [DB_OP] Database session created successfully in 0.0006s
2026-03-06 12:14:29,114 - routers.chat_groups - DEBUG - Querying chat_groupss: query={}, sort=None, skip=0, limit=1000, fields=None
2026-03-06 12:14:29,116 - core.database - DEBUG - [DB_OP] Starting get_db session creation
2026-03-06 12:14:29,116 - core.database - DEBUG - [DB_OP] Database session created successfully in 0.0002s
2026-03-06 12:14:29,116 - routers.notifications - DEBUG - Querying notificationss: query={}, sort=None, skip=0, limit=1000, fields=None
2026-03-06 12:14:29,117 - core.database - DEBUG - [DB_OP] Starting get_db session creation
2026-03-06 12:14:29,118 - core.database - DEBUG - [DB_OP] Database session created successfully in 0.0002s
2026-03-06 12:14:29,118 - routers.warnings - DEBUG - Querying warningss: query={}, sort=None, skip=0, limit=1000, fields=None
2026-03-06 12:14:29,119 - core.database - DEBUG - [DB_OP] Starting get_db session creation
2026-03-06 12:14:29,119 - core.database - DEBUG - [DB_OP] Database session created successfully in 0.0001s
2026-03-06 12:14:29,119 - routers.notifications - DEBUG - Querying notificationss: query={}, sort=-created_at, skip=0, limit=50, fields=None
2026-03-06 12:14:29,120 - core.database - DEBUG - [DB_OP] Starting get_db session creation
2026-03-06 12:14:29,120 - core.database - DEBUG - [DB_OP] Database session created successfully in 0.0001s
2026-03-06 12:14:29,120 - routers.site_commands - DEBUG - Querying site_commandss: query={}, sort=None, skip=0, limit=1000, fields=None
2026-03-06 12:14:29,463 - routers.chat_groups - DEBUG - Found 4 chat_groupss
2026-03-06 12:14:29,464 - core.database - DEBUG - [DB_OP] Database session cleanup after 0.3512s
2026-03-06 12:14:29,468 - routers.notifications - DEBUG - Found 6 notificationss
2026-03-06 12:14:29,468 - core.database - DEBUG - [DB_OP] Database session cleanup after 0.3498s
2026-03-06 12:14:29,470 - routers.warnings - DEBUG - Found 5 warningss
2026-03-06 12:14:29,470 - core.database - DEBUG - [DB_OP] Database session cleanup after 0.3528s
2026-03-06 12:14:29,523 - routers.notifications - DEBUG - Found 6 notificationss
2026-03-06 12:14:29,523 - core.database - DEBUG - [DB_OP] Database session cleanup after 0.4076s
2026-03-06 12:14:29,587 - routers.site_commands - DEBUG - Found 4 site_commandss
2026-03-06 12:14:29,588 - core.database - DEBUG - [DB_OP] Database session cleanup after 0.4680s
2026-03-06 12:15:00,083 - core.database - DEBUG - [DB_OP] Starting get_db session creation
2026-03-06 12:15:00,084 - core.database - DEBUG - [DB_OP] Database session created successfully in 0.0004s
2026-03-06 12:15:00,084 - routers.notifications - DEBUG - Querying notificationss: query={}, sort=-created_at, skip=0, limit=50, fields=None
2026-03-06 12:15:00,434 - routers.notifications - DEBUG - Found 6 notificationss
2026-03-06 12:15:00,435 - core.database - DEBUG - [DB_OP] Database session cleanup after 0.3517s
2026-03-06 12:15:30,165 - core.database - DEBUG - [DB_OP] Starting get_db session creation
2026-03-06 12:15:30,166 - core.database - DEBUG - [DB_OP] Database session created successfully in 0.0005s
2026-03-06 12:15:30,166 - routers.notifications - DEBUG - Querying notificationss: query={}, sort=-created_at, skip=0, limit=50, fields=None
2026-03-06 12:15:30,520 - routers.notifications - DEBUG - Found 6 notificationss
2026-03-06 12:15:30,521 - core.database - DEBUG - [DB_OP] Database session cleanup after 0.3558s
2026-03-06 12:15:44,731 - core.database - DEBUG - [DB_OP] Starting get_db session creation
2026-03-06 12:15:44,732 - core.database - DEBUG - [DB_OP] Database session created successfully in 0.0004s
2026-03-06 12:15:44,732 - routers.warnings - DEBUG - Querying warningss: query={}, sort=None, skip=0, limit=1000, fields=None
2026-03-06 12:15:44,733 - core.database - DEBUG - [DB_OP] Starting get_db session creation
2026-03-06 12:15:44,733 - core.database - DEBUG - [DB_OP] Database session created successfully in 0.0002s
2026-03-06 12:15:44,734 - routers.chat_groups - DEBUG - Querying chat_groupss: query={}, sort=None, skip=0, limit=1000, fields=None
2026-03-06 12:15:44,735 - core.database - DEBUG - [DB_OP] Starting get_db session creation
2026-03-06 12:15:44,735 - core.database - DEBUG - [DB_OP] Database session created successfully in 0.0002s
2026-03-06 12:15:44,736 - routers.site_commands - DEBUG - Querying site_commandss: query={}, sort=None, skip=0, limit=1000, fields=None
2026-03-06 12:15:44,776 - core.database - DEBUG - [DB_OP] Starting get_db session creation
2026-03-06 12:15:44,776 - core.database - DEBUG - [DB_OP] Database session created successfully in 0.0004s
2026-03-06 12:15:44,777 - routers.notifications - DEBUG - Querying notificationss: query={}, sort=None, skip=0, limit=1000, fields=None
2026-03-06 12:15:44,778 - core.database - DEBUG - [DB_OP] Starting get_db session creation
2026-03-06 12:15:44,778 - core.database - DEBUG - [DB_OP] Database session created successfully in 0.0002s
2026-03-06 12:15:44,778 - routers.notifications - DEBUG - Querying notificationss: query={}, sort=-created_at, skip=0, limit=50, fields=None
2026-03-06 12:15:45,085 - routers.site_commands - DEBUG - Found 4 site_commandss
2026-03-06 12:15:45,086 - core.database - DEBUG - [DB_OP] Database session cleanup after 0.3502s
2026-03-06 12:15:45,129 - routers.notifications - DEBUG - Found 6 notificationss
2026-03-06 12:15:45,130 - core.database - DEBUG - [DB_OP] Database session cleanup after 0.3523s
2026-03-06 12:15:45,198 - routers.chat_groups - DEBUG - Found 4 chat_groupss
2026-03-06 12:15:45,199 - core.database - DEBUG - [DB_OP] Database session cleanup after 0.4660s
2026-03-06 12:15:45,200 - routers.warnings - DEBUG - Found 5 warningss
2026-03-06 12:15:45,200 - core.database - DEBUG - [DB_OP] Database session cleanup after 0.4692s
2026-03-06 12:15:45,241 - routers.notifications - DEBUG - Found 6 notificationss
2026-03-06 12:15:45,242 - core.database - DEBUG - [DB_OP] Database session cleanup after 0.4664s
2026-03-06 12:16:14,441 - core.database - DEBUG - [DB_OP] Starting get_db session creation
2026-03-06 12:16:14,461 - core.database - DEBUG - [DB_OP] Database session created successfully in 0.0204s
2026-03-06 12:16:14,467 - routers.notifications - DEBUG - Querying notificationss: query={}, sort=-created_at, skip=0, limit=50, fields=None
2026-03-06 12:16:14,837 - routers.notifications - DEBUG - Found 6 notificationss
2026-03-06 12:16:14,839 - core.database - DEBUG - [DB_OP] Database session cleanup after 0.3978s
2026-03-06 12:16:44,463 - core.database - DEBUG - [DB_OP] Starting get_db session creation
2026-03-06 12:16:44,463 - core.database - DEBUG - [DB_OP] Database session created successfully in 0.0004s
2026-03-06 12:16:44,464 - routers.warnings - DEBUG - Querying warningss: query={}, sort=None, skip=0, limit=1000, fields=None
2026-03-06 12:16:44,465 - core.database - DEBUG - [DB_OP] Starting get_db session creation
2026-03-06 12:16:44,465 - core.database - DEBUG - [DB_OP] Database session created successfully in 0.0002s
2026-03-06 12:16:44,466 - routers.chat_groups - DEBUG - Querying chat_groupss: query={}, sort=None, skip=0, limit=1000, fields=None
2026-03-06 12:16:44,467 - core.database - DEBUG - [DB_OP] Starting get_db session creation
2026-03-06 12:16:44,468 - core.database - DEBUG - [DB_OP] Database session created successfully in 0.0002s
2026-03-06 12:16:44,468 - routers.site_commands - DEBUG - Querying site_commandss: query={}, sort=None, skip=0, limit=1000, fields=None
2026-03-06 12:16:44,508 - core.database - DEBUG - [DB_OP] Starting get_db session creation
2026-03-06 12:16:44,508 - core.database - DEBUG - [DB_OP] Database session created successfully in 0.0004s
2026-03-06 12:16:44,509 - routers.notifications - DEBUG - Querying notificationss: query={}, sort=None, skip=0, limit=1000, fields=None
2026-03-06 12:16:44,512 - core.database - DEBUG - [DB_OP] Starting get_db session creation
2026-03-06 12:16:44,512 - core.database - DEBUG - [DB_OP] Database session created successfully in 0.0005s
2026-03-06 12:16:44,513 - routers.notifications - DEBUG - Querying notificationss: query={}, sort=-created_at, skip=0, limit=50, fields=None
2026-03-06 12:16:44,815 - routers.chat_groups - DEBUG - Found 4 chat_groupss
2026-03-06 12:16:44,816 - core.database - DEBUG - [DB_OP] Database session cleanup after 0.3509s
2026-03-06 12:16:44,859 - routers.notifications - DEBUG - Found 6 notificationss
2026-03-06 12:16:44,860 - core.database - DEBUG - [DB_OP] Database session cleanup after 0.3523s
2026-03-06 12:16:44,941 - routers.site_commands - DEBUG - Found 4 site_commandss
2026-03-06 12:16:44,942 - core.database - DEBUG - [DB_OP] Database session cleanup after 0.4747s
2026-03-06 12:16:44,981 - routers.notifications - DEBUG - Found 6 notificationss
2026-03-06 12:16:44,983 - core.database - DEBUG - [DB_OP] Database session cleanup after 0.4710s
2026-03-06 12:16:45,051 - routers.warnings - DEBUG - Found 5 warningss
2026-03-06 12:16:45,051 - core.database - DEBUG - [DB_OP] Database session cleanup after 0.5884s
2026-03-06 12:17:14,470 - core.database - DEBUG - [DB_OP] Starting get_db session creation
2026-03-06 12:17:14,470 - core.database - DEBUG - [DB_OP] Database session created successfully in 0.0004s
2026-03-06 12:17:14,471 - routers.notifications - DEBUG - Querying notificationss: query={}, sort=-created_at, skip=0, limit=50, fields=None
2026-03-06 12:17:14,822 - routers.notifications - DEBUG - Found 6 notificationss
2026-03-06 12:17:14,823 - core.database - DEBUG - [DB_OP] Database session cleanup after 0.3534s
2026-03-06 12:17:44,463 - core.database - DEBUG - [DB_OP] Starting get_db session creation
2026-03-06 12:17:44,463 - core.database - DEBUG - [DB_OP] Database session created successfully in 0.0005s
2026-03-06 12:17:44,463 - routers.notifications - DEBUG - Querying notificationss: query={}, sort=-created_at, skip=0, limit=50, fields=None
2026-03-06 12:17:44,818 - routers.notifications - DEBUG - Found 6 notificationss
2026-03-06 12:17:44,819 - core.database - DEBUG - [DB_OP] Database session cleanup after 0.3565s
2026-03-06 12:18:14,862 - core.database - DEBUG - [DB_OP] Starting get_db session creation
2026-03-06 12:18:14,862 - core.database - DEBUG - [DB_OP] Database session created successfully in 0.0005s
2026-03-06 12:18:14,863 - routers.site_commands - DEBUG - Querying site_commandss: query={}, sort=None, skip=0, limit=1000, fields=None
2026-03-06 12:18:14,864 - core.database - DEBUG - [DB_OP] Starting get_db session creation
2026-03-06 12:18:14,865 - core.database - DEBUG - [DB_OP] Database session created successfully in 0.0004s
2026-03-06 12:18:14,865 - routers.chat_groups - DEBUG - Querying chat_groupss: query={}, sort=None, skip=0, limit=1000, fields=None
2026-03-06 12:18:14,866 - core.database - DEBUG - [DB_OP] Starting get_db session creation
2026-03-06 12:18:14,867 - core.database - DEBUG - [DB_OP] Database session created successfully in 0.0002s
2026-03-06 12:18:14,867 - routers.warnings - DEBUG - Querying warningss: query={}, sort=None, skip=0, limit=1000, fields=None
2026-03-06 12:18:14,869 - core.database - DEBUG - [DB_OP] Starting get_db session creation
2026-03-06 12:18:14,869 - core.database - DEBUG - [DB_OP] Database session created successfully in 0.0005s
2026-03-06 12:18:14,870 - routers.notifications - DEBUG - Querying notificationss: query={}, sort=-created_at, skip=0, limit=50, fields=None
2026-03-06 12:18:15,027 - core.database - DEBUG - [DB_OP] Starting get_db session creation
2026-03-06 12:18:15,027 - core.database - DEBUG - [DB_OP] Database session created successfully in 0.0004s
2026-03-06 12:18:15,028 - routers.notifications - DEBUG - Querying notificationss: query={}, sort=None, skip=0, limit=1000, fields=None
2026-03-06 12:18:15,217 - routers.warnings - DEBUG - Found 5 warningss
2026-03-06 12:18:15,217 - core.database - DEBUG - [DB_OP] Database session cleanup after 0.3508s
2026-03-06 12:18:15,218 - routers.site_commands - DEBUG - Found 4 site_commandss
2026-03-06 12:18:15,218 - core.database - DEBUG - [DB_OP] Database session cleanup after 0.3562s
2026-03-06 12:18:15,334 - routers.chat_groups - DEBUG - Found 4 chat_groupss
2026-03-06 12:18:15,334 - core.database - DEBUG - [DB_OP] Database session cleanup after 0.4699s
2026-03-06 12:18:15,335 - routers.notifications - DEBUG - Found 6 notificationss
2026-03-06 12:18:15,336 - core.database - DEBUG - [DB_OP] Database session cleanup after 0.4672s
2026-03-06 12:18:15,378 - routers.notifications - DEBUG - Found 6 notificationss
2026-03-06 12:18:15,379 - core.database - DEBUG - [DB_OP] Database session cleanup after 0.3526s
2026-03-06 12:18:52,313 - core.database - DEBUG - [DB_OP] Starting get_db session creation
2026-03-06 12:18:52,314 - core.database - DEBUG - [DB_OP] Database session created successfully in 0.0004s
2026-03-06 12:18:52,315 - routers.chat_groups - DEBUG - Querying chat_groupss: query={}, sort=None, skip=0, limit=1000, fields=None
2026-03-06 12:18:52,316 - core.database - DEBUG - [DB_OP] Starting get_db session creation
2026-03-06 12:18:52,317 - core.database - DEBUG - [DB_OP] Database session created successfully in 0.0004s
2026-03-06 12:18:52,317 - routers.warnings - DEBUG - Querying warningss: query={}, sort=None, skip=0, limit=1000, fields=None
2026-03-06 12:18:52,323 - core.database - DEBUG - [DB_OP] Starting get_db session creation
2026-03-06 12:18:52,323 - core.database - DEBUG - [DB_OP] Database session created successfully in 0.0004s
2026-03-06 12:18:52,324 - routers.site_commands - DEBUG - Querying site_commandss: query={}, sort=None, skip=0, limit=1000, fields=None
2026-03-06 12:18:52,327 - core.database - DEBUG - [DB_OP] Starting get_db session creation
2026-03-06 12:18:52,328 - core.database - DEBUG - [DB_OP] Database session created successfully in 0.0004s
2026-03-06 12:18:52,328 - routers.notifications - DEBUG - Querying notificationss: query={}, sort=None, skip=0, limit=1000, fields=None
2026-03-06 12:18:52,340 - core.database - DEBUG - [DB_OP] Starting get_db session creation
2026-03-06 12:18:52,340 - core.database - DEBUG - [DB_OP] Database session created successfully in 0.0005s
2026-03-06 12:18:52,340 - routers.notifications - DEBUG - Querying notificationss: query={}, sort=-created_at, skip=0, limit=50, fields=None
2026-03-06 12:18:52,673 - routers.warnings - DEBUG - Found 5 warningss
2026-03-06 12:18:52,674 - core.database - DEBUG - [DB_OP] Database session cleanup after 0.3577s
2026-03-06 12:18:52,676 - routers.site_commands - DEBUG - Found 4 site_commandss
2026-03-06 12:18:52,677 - core.database - DEBUG - [DB_OP] Database session cleanup after 0.3537s
2026-03-06 12:18:52,677 - routers.notifications - DEBUG - Found 6 notificationss
2026-03-06 12:18:52,678 - core.database - DEBUG - [DB_OP] Database session cleanup after 0.3504s
2026-03-06 12:18:52,700 - routers.notifications - DEBUG - Found 6 notificationss
2026-03-06 12:18:52,701 - core.database - DEBUG - [DB_OP] Database session cleanup after 0.3617s
2026-03-06 12:18:52,784 - routers.chat_groups - DEBUG - Found 4 chat_groupss
2026-03-06 12:18:52,784 - core.database - DEBUG - [DB_OP] Database session cleanup after 0.4712s
2026-03-06 12:19:02,035 - core.database - DEBUG - [DB_OP] Starting get_db session creation
2026-03-06 12:19:02,035 - core.database - DEBUG - [DB_OP] Database session created successfully in 0.0004s
2026-03-06 12:19:02,036 - routers.warnings - DEBUG - Querying warningss: query={}, sort=None, skip=0, limit=1000, fields=None
2026-03-06 12:19:02,037 - core.database - DEBUG - [DB_OP] Starting get_db session creation
2026-03-06 12:19:02,037 - core.database - DEBUG - [DB_OP] Database session created successfully in 0.0002s
2026-03-06 12:19:02,037 - routers.chat_groups - DEBUG - Querying chat_groupss: query={}, sort=None, skip=0, limit=1000, fields=None
2026-03-06 12:19:02,038 - core.database - DEBUG - [DB_OP] Starting get_db session creation
2026-03-06 12:19:02,038 - core.database - DEBUG - [DB_OP] Database session created successfully in 0.0002s
2026-03-06 12:19:02,039 - routers.notifications - DEBUG - Querying notificationss: query={}, sort=None, skip=0, limit=1000, fields=None
2026-03-06 12:19:02,039 - core.database - DEBUG - [DB_OP] Starting get_db session creation
2026-03-06 12:19:02,040 - core.database - DEBUG - [DB_OP] Database session created successfully in 0.0003s
2026-03-06 12:19:02,040 - routers.site_commands - DEBUG - Querying site_commandss: query={}, sort=None, skip=0, limit=1000, fields=None
2026-03-06 12:19:02,041 - core.database - DEBUG - [DB_OP] Starting get_db session creation
2026-03-06 12:19:02,041 - core.database - DEBUG - [DB_OP] Database session created successfully in 0.0002s
2026-03-06 12:19:02,041 - routers.notifications - DEBUG - Querying notificationss: query={}, sort=-created_at, skip=0, limit=50, fields=None
2026-03-06 12:19:02,387 - routers.chat_groups - DEBUG - Found 4 chat_groupss
2026-03-06 12:19:02,388 - core.database - DEBUG - [DB_OP] Database session cleanup after 0.3513s
2026-03-06 12:19:02,389 - routers.notifications - DEBUG - Found 6 notificationss
2026-03-06 12:19:02,389 - core.database - DEBUG - [DB_OP] Database session cleanup after 0.3512s
2026-03-06 12:19:02,391 - routers.warnings - DEBUG - Found 5 warningss
2026-03-06 12:19:02,391 - core.database - DEBUG - [DB_OP] Database session cleanup after 0.3564s
2026-03-06 12:19:02,392 - routers.notifications - DEBUG - Found 6 notificationss
2026-03-06 12:19:02,392 - core.database - DEBUG - [DB_OP] Database session cleanup after 0.3515s
2026-03-06 12:19:02,503 - routers.site_commands - DEBUG - Found 4 site_commandss
2026-03-06 12:19:02,504 - core.database - DEBUG - [DB_OP] Database session cleanup after 0.4647s
2026-03-06 12:19:32,039 - core.database - DEBUG - [DB_OP] Starting get_db session creation
2026-03-06 12:19:32,040 - core.database - DEBUG - [DB_OP] Database session created successfully in 0.0004s
2026-03-06 12:19:32,040 - routers.notifications - DEBUG - Querying notificationss: query={}, sort=-created_at, skip=0, limit=50, fields=None
2026-03-06 12:19:32,390 - routers.notifications - DEBUG - Found 6 notificationss
2026-03-06 12:19:32,391 - core.database - DEBUG - [DB_OP] Database session cleanup after 0.3518s
2026-03-06 12:20:02,041 - core.database - DEBUG - [DB_OP] Starting get_db session creation
2026-03-06 12:20:02,041 - core.database - DEBUG - [DB_OP] Database session created successfully in 0.0004s
2026-03-06 12:20:02,042 - routers.notifications - DEBUG - Querying notificationss: query={}, sort=-created_at, skip=0, limit=50, fields=None
2026-03-06 12:20:02,397 - routers.notifications - DEBUG - Found 6 notificationss
2026-03-06 12:20:02,398 - core.database - DEBUG - [DB_OP] Database session cleanup after 0.3564s
2026-03-06 12:20:32,077 - core.database - DEBUG - [DB_OP] Starting get_db session creation
2026-03-06 12:20:32,078 - core.database - DEBUG - [DB_OP] Database session created successfully in 0.0004s
2026-03-06 12:20:32,078 - routers.notifications - DEBUG - Querying notificationss: query={}, sort=-created_at, skip=0, limit=50, fields=None
2026-03-06 12:20:32,433 - routers.notifications - DEBUG - Found 6 notificationss
2026-03-06 12:20:32,434 - core.database - DEBUG - [DB_OP] Database session cleanup after 0.3563s
2026-03-06 12:21:02,085 - core.database - DEBUG - [DB_OP] Starting get_db session creation
2026-03-06 12:21:02,085 - core.database - DEBUG - [DB_OP] Database session created successfully in 0.0004s
2026-03-06 12:21:02,085 - routers.notifications - DEBUG - Querying notificationss: query={}, sort=-created_at, skip=0, limit=50, fields=None
2026-03-06 12:21:02,438 - routers.notifications - DEBUG - Found 6 notificationss
2026-03-06 12:21:02,439 - core.database - DEBUG - [DB_OP] Database session cleanup after 0.3541s
2026-03-06 12:21:32,084 - core.database - DEBUG - [DB_OP] Starting get_db session creation
2026-03-06 12:21:32,085 - core.database - DEBUG - [DB_OP] Database session created successfully in 0.0005s
2026-03-06 12:21:32,085 - routers.notifications - DEBUG - Querying notificationss: query={}, sort=-created_at, skip=0, limit=50, fields=None
2026-03-06 12:21:32,549 - routers.notifications - DEBUG - Found 6 notificationss
2026-03-06 12:21:32,550 - core.database - DEBUG - [DB_OP] Database session cleanup after 0.4653s
2026-03-06 12:22:02,059 - core.database - DEBUG - [DB_OP] Starting get_db session creation
2026-03-06 12:22:02,060 - core.database - DEBUG - [DB_OP] Database session created successfully in 0.0004s
2026-03-06 12:22:02,060 - routers.notifications - DEBUG - Querying notificationss: query={}, sort=-created_at, skip=0, limit=50, fields=None
2026-03-06 12:22:02,410 - routers.notifications - DEBUG - Found 6 notificationss
2026-03-06 12:22:02,411 - core.database - DEBUG - [DB_OP] Database session cleanup after 0.3518s
2026-03-06 12:22:31,381 - core.database - DEBUG - [DB_OP] Starting get_db session creation
2026-03-06 12:22:31,382 - core.database - DEBUG - [DB_OP] Database session created successfully in 0.0006s
2026-03-06 12:22:31,382 - routers.site_commands - DEBUG - Querying site_commandss: query={}, sort=None, skip=0, limit=1000, fields=None
2026-03-06 12:22:31,384 - core.database - DEBUG - [DB_OP] Starting get_db session creation
2026-03-06 12:22:31,384 - core.database - DEBUG - [DB_OP] Database session created successfully in 0.0003s
2026-03-06 12:22:31,384 - routers.warnings - DEBUG - Querying warningss: query={}, sort=None, skip=0, limit=1000, fields=None
2026-03-06 12:22:31,385 - core.database - DEBUG - [DB_OP] Starting get_db session creation
2026-03-06 12:22:31,386 - core.database - DEBUG - [DB_OP] Database session created successfully in 0.0005s
2026-03-06 12:22:31,386 - routers.notifications - DEBUG - Querying notificationss: query={}, sort=-created_at, skip=0, limit=50, fields=None
2026-03-06 12:22:31,389 - core.database - DEBUG - [DB_OP] Starting get_db session creation
2026-03-06 12:22:31,389 - core.database - DEBUG - [DB_OP] Database session created successfully in 0.0009s
2026-03-06 12:22:31,390 - routers.notifications - DEBUG - Querying notificationss: query={}, sort=None, skip=0, limit=1000, fields=None
2026-03-06 12:22:31,392 - core.database - DEBUG - [DB_OP] Starting get_db session creation
2026-03-06 12:22:31,392 - core.database - DEBUG - [DB_OP] Database session created successfully in 0.0003s
2026-03-06 12:22:31,392 - routers.chat_groups - DEBUG - Querying chat_groupss: query={}, sort=None, skip=0, limit=1000, fields=None
2026-03-06 12:22:31,738 - routers.notifications - DEBUG - Found 6 notificationss
2026-03-06 12:22:31,739 - core.database - DEBUG - [DB_OP] Database session cleanup after 0.3510s
2026-03-06 12:22:31,740 - routers.chat_groups - DEBUG - Found 4 chat_groupss
2026-03-06 12:22:31,740 - core.database - DEBUG - [DB_OP] Database session cleanup after 0.3486s
2026-03-06 12:22:31,848 - routers.site_commands - DEBUG - Found 4 site_commandss
2026-03-06 12:22:31,849 - core.database - DEBUG - [DB_OP] Database session cleanup after 0.4681s
2026-03-06 12:22:31,854 - routers.notifications - DEBUG - Found 6 notificationss
2026-03-06 12:22:31,854 - core.database - DEBUG - [DB_OP] Database session cleanup after 0.4690s
2026-03-06 12:22:31,867 - routers.warnings - DEBUG - Found 5 warningss
2026-03-06 12:22:31,868 - core.database - DEBUG - [DB_OP] Database session cleanup after 0.4845s
2026-03-06 12:23:02,081 - core.database - DEBUG - [DB_OP] Starting get_db session creation
2026-03-06 12:23:02,082 - core.database - DEBUG - [DB_OP] Database session created successfully in 0.0006s
2026-03-06 12:23:02,082 - routers.notifications - DEBUG - Querying notificationss: query={}, sort=-created_at, skip=0, limit=50, fields=None
2026-03-06 12:23:02,433 - routers.notifications - DEBUG - Found 6 notificationss
2026-03-06 12:23:02,434 - core.database - DEBUG - [DB_OP] Database session cleanup after 0.3531s
2026-03-06 12:23:32,078 - core.database - DEBUG - [DB_OP] Starting get_db session creation
2026-03-06 12:23:32,079 - core.database - DEBUG - [DB_OP] Database session created successfully in 0.0004s
2026-03-06 12:23:32,079 - routers.notifications - DEBUG - Querying notificationss: query={}, sort=-created_at, skip=0, limit=50, fields=None
2026-03-06 12:23:32,545 - routers.notifications - DEBUG - Found 6 notificationss
2026-03-06 12:23:32,546 - core.database - DEBUG - [DB_OP] Database session cleanup after 0.4680s
2026-03-06 12:24:02,085 - core.database - DEBUG - [DB_OP] Starting get_db session creation
2026-03-06 12:24:02,086 - core.database - DEBUG - [DB_OP] Database session created successfully in 0.0007s
2026-03-06 12:24:02,087 - routers.notifications - DEBUG - Querying notificationss: query={}, sort=-created_at, skip=0, limit=50, fields=None
2026-03-06 12:24:02,441 - routers.notifications - DEBUG - Found 6 notificationss
2026-03-06 12:24:02,441 - core.database - DEBUG - [DB_OP] Database session cleanup after 0.3561s
2026-03-06 12:24:32,083 - core.database - DEBUG - [DB_OP] Starting get_db session creation
2026-03-06 12:24:32,084 - core.database - DEBUG - [DB_OP] Database session created successfully in 0.0005s
2026-03-06 12:24:32,084 - routers.notifications - DEBUG - Querying notificationss: query={}, sort=-created_at, skip=0, limit=50, fields=None
2026-03-06 12:24:32,436 - routers.notifications - DEBUG - Found 6 notificationss
2026-03-06 12:24:32,437 - core.database - DEBUG - [DB_OP] Database session cleanup after 0.3542s
2026-03-06 12:25:01,385 - core.database - DEBUG - [DB_OP] Starting get_db session creation
2026-03-06 12:25:01,385 - core.database - DEBUG - [DB_OP] Database session created successfully in 0.0005s
2026-03-06 12:25:01,386 - routers.notifications - DEBUG - Querying notificationss: query={}, sort=-created_at, skip=0, limit=50, fields=None
2026-03-06 12:25:01,741 - routers.notifications - DEBUG - Found 6 notificationss
2026-03-06 12:25:01,742 - core.database - DEBUG - [DB_OP] Database session cleanup after 0.3574s
2026-03-06 12:25:28,315 - core.database - DEBUG - [DB_OP] Starting get_db session creation
2026-03-06 12:25:28,315 - core.database - DEBUG - [DB_OP] Database session created successfully in 0.0005s
2026-03-06 12:25:28,316 - routers.chat_groups - DEBUG - Querying chat_groupss: query={}, sort=None, skip=0, limit=1000, fields=None
2026-03-06 12:25:28,318 - core.database - DEBUG - [DB_OP] Starting get_db session creation
2026-03-06 12:25:28,318 - core.database - DEBUG - [DB_OP] Database session created successfully in 0.0002s
2026-03-06 12:25:28,318 - routers.warnings - DEBUG - Querying warningss: query={}, sort=None, skip=0, limit=1000, fields=None
2026-03-06 12:25:28,319 - core.database - DEBUG - [DB_OP] Starting get_db session creation
2026-03-06 12:25:28,320 - core.database - DEBUG - [DB_OP] Database session created successfully in 0.0012s
2026-03-06 12:25:28,321 - routers.notifications - DEBUG - Querying notificationss: query={}, sort=None, skip=0, limit=1000, fields=None
2026-03-06 12:25:28,324 - core.database - DEBUG - [DB_OP] Starting get_db session creation
2026-03-06 12:25:28,324 - core.database - DEBUG - [DB_OP] Database session created successfully in 0.0003s
2026-03-06 12:25:28,324 - routers.site_commands - DEBUG - Querying site_commandss: query={}, sort=None, skip=0, limit=1000, fields=None
2026-03-06 12:25:28,326 - core.database - DEBUG - [DB_OP] Starting get_db session creation
2026-03-06 12:25:28,326 - core.database - DEBUG - [DB_OP] Database session created successfully in 0.0002s
2026-03-06 12:25:28,326 - routers.notifications - DEBUG - Querying notificationss: query={}, sort=-created_at, skip=0, limit=50, fields=None
2026-03-06 12:25:28,666 - routers.chat_groups - DEBUG - Found 4 chat_groupss
2026-03-06 12:25:28,667 - core.database - DEBUG - [DB_OP] Database session cleanup after 0.3526s
2026-03-06 12:25:28,675 - routers.notifications - DEBUG - Found 6 notificationss
2026-03-06 12:25:28,676 - core.database - DEBUG - [DB_OP] Database session cleanup after 0.3571s
2026-03-06 12:25:28,677 - routers.site_commands - DEBUG - Found 4 site_commandss
2026-03-06 12:25:28,677 - core.database - DEBUG - [DB_OP] Database session cleanup after 0.3537s
2026-03-06 12:25:28,680 - routers.notifications - DEBUG - Found 6 notificationss
2026-03-06 12:25:28,681 - core.database - DEBUG - [DB_OP] Database session cleanup after 0.3552s
2026-03-06 12:25:28,788 - routers.warnings - DEBUG - Found 5 warningss
2026-03-06 12:25:28,789 - core.database - DEBUG - [DB_OP] Database session cleanup after 0.4713s
2026-03-06 12:25:29,178 - core.database - DEBUG - [DB_OP] Starting get_db session creation
2026-03-06 12:25:29,178 - core.database - DEBUG - [DB_OP] Database session created successfully in 0.0004s
2026-03-06 12:25:29,179 - routers.site_commands - DEBUG - Querying site_commandss: query={}, sort=None, skip=0, limit=1000, fields=None
2026-03-06 12:25:29,180 - core.database - DEBUG - [DB_OP] Starting get_db session creation
2026-03-06 12:25:29,180 - core.database - DEBUG - [DB_OP] Database session created successfully in 0.0001s
2026-03-06 12:25:29,180 - routers.chat_groups - DEBUG - Querying chat_groupss: query={}, sort=None, skip=0, limit=1000, fields=None
2026-03-06 12:25:29,181 - core.database - DEBUG - [DB_OP] Starting get_db session creation
2026-03-06 12:25:29,181 - core.database - DEBUG - [DB_OP] Database session created successfully in 0.0001s
2026-03-06 12:25:29,181 - routers.notifications - DEBUG - Querying notificationss: query={}, sort=None, skip=0, limit=1000, fields=None
2026-03-06 12:25:29,182 - core.database - DEBUG - [DB_OP] Starting get_db session creation
2026-03-06 12:25:29,183 - core.database - DEBUG - [DB_OP] Database session created successfully in 0.0005s
2026-03-06 12:25:29,184 - routers.warnings - DEBUG - Querying warningss: query={}, sort=None, skip=0, limit=1000, fields=None
2026-03-06 12:25:29,185 - core.database - DEBUG - [DB_OP] Starting get_db session creation
2026-03-06 12:25:29,186 - core.database - DEBUG - [DB_OP] Database session created successfully in 0.0002s
2026-03-06 12:25:29,186 - routers.notifications - DEBUG - Querying notificationss: query={}, sort=-created_at, skip=0, limit=50, fields=None
2026-03-06 12:25:29,529 - routers.site_commands - DEBUG - Found 4 site_commandss
2026-03-06 12:25:29,530 - core.database - DEBUG - [DB_OP] Database session cleanup after 0.3516s
2026-03-06 12:25:29,532 - routers.notifications - DEBUG - Found 6 notificationss
2026-03-06 12:25:29,532 - core.database - DEBUG - [DB_OP] Database session cleanup after 0.3513s
2026-03-06 12:25:29,534 - routers.chat_groups - DEBUG - Found 4 chat_groupss
2026-03-06 12:25:29,535 - core.database - DEBUG - [DB_OP] Database session cleanup after 0.3550s
2026-03-06 12:25:29,535 - routers.notifications - DEBUG - Found 6 notificationss
2026-03-06 12:25:29,536 - core.database - DEBUG - [DB_OP] Database session cleanup after 0.3505s
2026-03-06 12:25:29,536 - routers.warnings - DEBUG - Found 5 warningss
2026-03-06 12:25:29,536 - core.database - DEBUG - [DB_OP] Database session cleanup after 0.3541s
2026-03-06 12:25:59,191 - core.database - DEBUG - [DB_OP] Starting get_db session creation
2026-03-06 12:25:59,192 - core.database - DEBUG - [DB_OP] Database session created successfully in 0.0005s
2026-03-06 12:25:59,192 - routers.notifications - DEBUG - Querying notificationss: query={}, sort=-created_at, skip=0, limit=50, fields=None
2026-03-06 12:25:59,541 - routers.notifications - DEBUG - Found 6 notificationss
2026-03-06 12:25:59,542 - core.database - DEBUG - [DB_OP] Database session cleanup after 0.3513s
2026-03-06 12:26:08,533 - services.database - DEBUG - [DB_OP] Starting database close
2026-03-06 12:26:08,843 - core.database - INFO - Database connection closed and engine disposed
2026-03-06 12:26:08,843 - services.database - INFO - Database connections closed
2026-03-06 12:26:08,843 - services.database - DEBUG - [DB_OP] Database close completed in 0.3102s
