2026-03-06 10:51:08,080 - main - INFO - === Logging system initialized ===
2026-03-06 10:51:08,080 - main - INFO - Log file: logs/app_20260306_105108.log
2026-03-06 10:51:08,080 - main - INFO - Log level: INFO
2026-03-06 10:51:08,081 - main - INFO - Timestamp: 20260306_105108
2026-03-06 10:51:09,673 - main - INFO - Included router: routers.aihub.router
2026-03-06 10:51:09,699 - main - INFO - Included router: routers.auth.router
2026-03-06 10:51:09,704 - main - INFO - Included router: routers.health.router
2026-03-06 10:51:09,730 - main - INFO - Included router: routers.settings.router
2026-03-06 10:51:09,845 - main - INFO - Included router: routers.storage.router
2026-03-06 10:51:09,860 - main - INFO - Included router: routers.user.router
2026-03-06 10:51:09,862 - main - INFO - === Application startup initiated ===
2026-03-06 10:51:09,862 - services.database - DEBUG - [DB_OP] Starting database initialization
2026-03-06 10:51:09,862 - services.database - INFO - 🔧 Starting database initialization...
2026-03-06 10:51:09,863 - core.database - INFO - Starting database initialization...
2026-03-06 10:51:09,863 - core.config - DEBUG - Read dynamic attribute database_url from environment variable DATABASE_URL
2026-03-06 10:51:09,863 - core.database - INFO - Normalizing database URL for async compatibility...
2026-03-06 10:51:09,864 - core.database - INFO - Creating async database engine...
2026-03-06 10:51:09,864 - core.database - INFO - Using QueuePool with connection pooling for non-Lambda environment
2026-03-06 10:51:09,921 - core.database - INFO - Database engine created successfully
2026-03-06 10:51:09,921 - core.database - INFO - Creating async session maker...
2026-03-06 10:51:09,922 - core.database - INFO - Async session maker created successfully
2026-03-06 10:51:09,922 - core.database - INFO - Database connection initialized successfully
2026-03-06 10:51:09,922 - services.database - INFO - 🔧 Database connection initialized, now creating tables if tables not exist...
2026-03-06 10:51:09,922 - core.database - DEBUG - [DB_OP] Starting create_tables
2026-03-06 10:51:09,922 - core.database - INFO - 🔧 Starting table creation...
2026-03-06 10:51:11,164 - core.database - INFO - Tables initialized successfully
2026-03-06 10:51:11,165 - core.database - DEBUG - [DB_OP] Create tables completed in 1.2424s
2026-03-06 10:51:11,224 - services.database - INFO - 🔧 Table creation completed
2026-03-06 10:51:11,225 - services.database - INFO - Database initialized successfully
2026-03-06 10:51:11,225 - services.database - DEBUG - [DB_OP] Database initialization completed in 1.3630s
2026-03-06 10:51:11,226 - services.mock_data - INFO - mock_data directory not found, skipping mock initialization
2026-03-06 10:51:11,226 - services.database - DEBUG - [DB_OP] Starting database initialization
2026-03-06 10:51:11,226 - services.database - INFO - 🔧 Starting database initialization...
2026-03-06 10:51:11,227 - core.database - INFO - Starting database initialization...
2026-03-06 10:51:11,227 - core.database - INFO - Database already initialized
2026-03-06 10:51:11,227 - services.database - INFO - 🔧 Database connection initialized, now creating tables if tables not exist...
2026-03-06 10:51:11,227 - core.database - DEBUG - [DB_OP] Starting create_tables
2026-03-06 10:51:11,227 - core.database - INFO - Tables already initialized
2026-03-06 10:51:11,227 - services.database - INFO - 🔧 Table creation completed
2026-03-06 10:51:11,227 - services.database - INFO - Database initialized successfully
2026-03-06 10:51:11,227 - services.database - DEBUG - [DB_OP] Database initialization completed in 0.0010s
2026-03-06 10:51:11,227 - core.config - DEBUG - Read dynamic attribute admin_user_id from environment variable ADMIN_USER_ID
2026-03-06 10:51:11,228 - core.config - DEBUG - Read dynamic attribute admin_user_email from environment variable ADMIN_USER_EMAIL
2026-03-06 10:51:11,646 - services.auth - DEBUG - Admin user 993861 already exists
2026-03-06 10:51:11,705 - main - INFO - === Application startup completed successfully ===
2026-03-06 10:51:28,259 - services.database - DEBUG - [DB_OP] Starting database close
2026-03-06 10:51:28,325 - core.database - INFO - Database connection closed and engine disposed
2026-03-06 10:51:28,325 - services.database - INFO - Database connections closed
2026-03-06 10:51:28,326 - services.database - DEBUG - [DB_OP] Database close completed in 0.0668s
