2026-03-06 12:29:18,247 - main - INFO - === Logging system initialized ===
2026-03-06 12:29:18,247 - main - INFO - Log file: logs/app_20260306_122918.log
2026-03-06 12:29:18,247 - main - INFO - Log level: INFO
2026-03-06 12:29:18,248 - main - INFO - Timestamp: 20260306_122918
2026-03-06 12:29:19,181 - main - INFO - Included router: routers.aihub.router
2026-03-06 12:29:19,204 - main - INFO - Included router: routers.auth.router
2026-03-06 12:29:19,246 - main - INFO - Included router: routers.authorized_roles.router
2026-03-06 12:29:19,365 - main - INFO - Included router: routers.bot_filters.router
2026-03-06 12:29:19,420 - main - INFO - Included router: routers.chat_groups.router
2026-03-06 12:29:19,422 - main - INFO - Included router: routers.health.router
2026-03-06 12:29:19,465 - main - INFO - Included router: routers.notifications.router
2026-03-06 12:29:19,512 - main - INFO - Included router: routers.protection_settings.router
2026-03-06 12:29:19,533 - main - INFO - Included router: routers.settings.router
2026-03-06 12:29:19,576 - main - INFO - Included router: routers.site_commands.router
2026-03-06 12:29:19,613 - main - INFO - Included router: routers.storage.router
2026-03-06 12:29:19,770 - main - INFO - Included router: routers.telegram.router
2026-03-06 12:29:19,781 - main - INFO - Included router: routers.user.router
2026-03-06 12:29:19,837 - main - INFO - Included router: routers.warnings.router
2026-03-06 12:29:19,839 - main - INFO - === Application startup initiated ===
2026-03-06 12:29:19,839 - services.database - DEBUG - [DB_OP] Starting database initialization
2026-03-06 12:29:19,840 - services.database - INFO - 🔧 Starting database initialization...
2026-03-06 12:29:19,840 - core.database - INFO - Starting database initialization...
2026-03-06 12:29:19,840 - core.config - DEBUG - Read dynamic attribute database_url from environment variable DATABASE_URL
2026-03-06 12:29:19,840 - core.database - INFO - Normalizing database URL for async compatibility...
2026-03-06 12:29:19,841 - core.database - INFO - Creating async database engine...
2026-03-06 12:29:19,841 - core.database - INFO - Using QueuePool with connection pooling for non-Lambda environment
2026-03-06 12:29:19,892 - core.database - INFO - Database engine created successfully
2026-03-06 12:29:19,892 - core.database - INFO - Creating async session maker...
2026-03-06 12:29:19,892 - core.database - INFO - Async session maker created successfully
2026-03-06 12:29:19,892 - core.database - INFO - Database connection initialized successfully
2026-03-06 12:29:19,892 - services.database - INFO - 🔧 Database connection initialized, now creating tables if tables not exist...
2026-03-06 12:29:19,892 - core.database - DEBUG - [DB_OP] Starting create_tables
2026-03-06 12:29:19,892 - core.database - INFO - 🔧 Starting table creation...
2026-03-06 12:29:21,528 - core.database - INFO - Tables initialized successfully
2026-03-06 12:29:21,530 - core.database - DEBUG - [DB_OP] Create tables completed in 1.6377s
2026-03-06 12:29:21,589 - services.database - INFO - 🔧 Table creation completed
2026-03-06 12:29:21,589 - services.database - INFO - Database initialized successfully
2026-03-06 12:29:21,589 - services.database - DEBUG - [DB_OP] Database initialization completed in 1.7497s
2026-03-06 12:29:21,590 - services.mock_data - INFO - Processing mock data file authorized_roles.json for table authorized_roles
2026-03-06 12:29:21,590 - services.mock_data - INFO - Processing mock data file bot_filters.json for table bot_filters
2026-03-06 12:29:21,592 - services.mock_data - INFO - Processing mock data file chat_groups.json for table chat_groups
2026-03-06 12:29:21,592 - services.mock_data - INFO - Processing mock data file notifications.json for table notifications
2026-03-06 12:29:21,593 - services.mock_data - INFO - Processing mock data file protection_settings.json for table protection_settings
2026-03-06 12:29:23,602 - services.mock_data - INFO - Table authorized_roles already has 3 rows; skipping mock insert
2026-03-06 12:29:23,661 - services.mock_data - INFO - Processing mock data file site_commands.json for table site_commands
2026-03-06 12:29:23,745 - services.mock_data - INFO - Table notifications already has 6 rows; skipping mock insert
2026-03-06 12:29:23,751 - services.mock_data - INFO - Table chat_groups already has 4 rows; skipping mock insert
2026-03-06 12:29:23,781 - services.mock_data - INFO - Table protection_settings already has 4 rows; skipping mock insert
2026-03-06 12:29:23,805 - services.mock_data - INFO - Table bot_filters already has 3 rows; skipping mock insert
2026-03-06 12:29:23,805 - services.mock_data - INFO - Processing mock data file warnings.json for table warnings
2026-03-06 12:29:24,613 - services.mock_data - INFO - Table site_commands already has 4 rows; skipping mock insert
2026-03-06 12:29:24,815 - services.mock_data - INFO - Table warnings already has 5 rows; skipping mock insert
2026-03-06 12:29:24,874 - services.database - DEBUG - [DB_OP] Starting database initialization
2026-03-06 12:29:24,874 - services.database - INFO - 🔧 Starting database initialization...
2026-03-06 12:29:24,874 - core.database - INFO - Starting database initialization...
2026-03-06 12:29:24,874 - core.database - INFO - Database already initialized
2026-03-06 12:29:24,875 - services.database - INFO - 🔧 Database connection initialized, now creating tables if tables not exist...
2026-03-06 12:29:24,875 - core.database - DEBUG - [DB_OP] Starting create_tables
2026-03-06 12:29:24,875 - core.database - INFO - Tables already initialized
2026-03-06 12:29:24,875 - services.database - INFO - 🔧 Table creation completed
2026-03-06 12:29:24,875 - services.database - INFO - Database initialized successfully
2026-03-06 12:29:24,875 - services.database - DEBUG - [DB_OP] Database initialization completed in 0.0010s
2026-03-06 12:29:24,875 - core.config - DEBUG - Read dynamic attribute admin_user_id from environment variable ADMIN_USER_ID
2026-03-06 12:29:24,875 - core.config - DEBUG - Read dynamic attribute admin_user_email from environment variable ADMIN_USER_EMAIL
2026-03-06 12:29:25,413 - services.auth - DEBUG - Admin user 993861 already exists
2026-03-06 12:29:25,485 - main - INFO - === Application startup completed successfully ===
2026-03-06 12:29:32,901 - core.database - DEBUG - [DB_OP] Starting get_db session creation
2026-03-06 12:29:32,902 - core.database - DEBUG - [DB_OP] Database session created successfully in 0.0005s
2026-03-06 12:29:32,903 - routers.chat_groups - DEBUG - Querying chat_groupss: query={}, sort=None, skip=0, limit=1000, fields=None
2026-03-06 12:29:32,913 - core.database - DEBUG - [DB_OP] Starting get_db session creation
2026-03-06 12:29:32,913 - core.database - DEBUG - [DB_OP] Database session created successfully in 0.0004s
2026-03-06 12:29:32,914 - routers.warnings - DEBUG - Querying warningss: query={}, sort=None, skip=0, limit=1000, fields=None
2026-03-06 12:29:32,919 - core.database - DEBUG - [DB_OP] Starting get_db session creation
2026-03-06 12:29:32,919 - core.database - DEBUG - [DB_OP] Database session created successfully in 0.0005s
2026-03-06 12:29:32,920 - routers.site_commands - DEBUG - Querying site_commandss: query={}, sort=None, skip=0, limit=1000, fields=None
2026-03-06 12:29:32,953 - core.database - DEBUG - [DB_OP] Starting get_db session creation
2026-03-06 12:29:32,954 - core.database - DEBUG - [DB_OP] Database session created successfully in 0.0007s
2026-03-06 12:29:32,954 - routers.notifications - DEBUG - Querying notificationss: query={}, sort=None, skip=0, limit=1000, fields=None
2026-03-06 12:29:32,959 - core.database - DEBUG - [DB_OP] Starting get_db session creation
2026-03-06 12:29:32,960 - core.database - DEBUG - [DB_OP] Database session created successfully in 0.0004s
2026-03-06 12:29:32,960 - routers.notifications - DEBUG - Querying notificationss: query={}, sort=-created_at, skip=0, limit=50, fields=None
2026-03-06 12:29:33,390 - routers.site_commands - DEBUG - Found 4 site_commandss
2026-03-06 12:29:33,392 - core.database - DEBUG - [DB_OP] Database session cleanup after 0.4726s
2026-03-06 12:29:33,433 - routers.notifications - DEBUG - Found 6 notificationss
2026-03-06 12:29:33,434 - core.database - DEBUG - [DB_OP] Database session cleanup after 0.4811s
2026-03-06 12:29:33,435 - routers.chat_groups - DEBUG - Found 4 chat_groupss
2026-03-06 12:29:33,436 - core.database - DEBUG - [DB_OP] Database session cleanup after 0.5341s
2026-03-06 12:29:33,437 - routers.notifications - DEBUG - Found 6 notificationss
2026-03-06 12:29:33,437 - core.database - DEBUG - [DB_OP] Database session cleanup after 0.4781s
2026-03-06 12:29:33,447 - routers.warnings - DEBUG - Found 5 warningss
2026-03-06 12:29:33,447 - core.database - DEBUG - [DB_OP] Database session cleanup after 0.5344s
2026-03-06 12:30:03,091 - core.database - DEBUG - [DB_OP] Starting get_db session creation
2026-03-06 12:30:03,091 - core.database - DEBUG - [DB_OP] Database session created successfully in 0.0005s
2026-03-06 12:30:03,092 - routers.notifications - DEBUG - Querying notificationss: query={}, sort=-created_at, skip=0, limit=50, fields=None
2026-03-06 12:30:03,561 - routers.notifications - DEBUG - Found 6 notificationss
2026-03-06 12:30:03,562 - core.database - DEBUG - [DB_OP] Database session cleanup after 0.4710s
2026-03-06 12:30:33,084 - core.database - DEBUG - [DB_OP] Starting get_db session creation
2026-03-06 12:30:33,084 - core.database - DEBUG - [DB_OP] Database session created successfully in 0.0004s
2026-03-06 12:30:33,085 - routers.notifications - DEBUG - Querying notificationss: query={}, sort=-created_at, skip=0, limit=50, fields=None
2026-03-06 12:30:33,500 - routers.notifications - DEBUG - Found 6 notificationss
2026-03-06 12:30:33,502 - core.database - DEBUG - [DB_OP] Database session cleanup after 0.4177s
2026-03-06 12:31:03,081 - core.database - DEBUG - [DB_OP] Starting get_db session creation
2026-03-06 12:31:03,082 - core.database - DEBUG - [DB_OP] Database session created successfully in 0.0004s
2026-03-06 12:31:03,082 - routers.notifications - DEBUG - Querying notificationss: query={}, sort=-created_at, skip=0, limit=50, fields=None
2026-03-06 12:31:03,550 - routers.notifications - DEBUG - Found 6 notificationss
2026-03-06 12:31:03,551 - core.database - DEBUG - [DB_OP] Database session cleanup after 0.4699s
2026-03-06 12:31:33,077 - core.database - DEBUG - [DB_OP] Starting get_db session creation
2026-03-06 12:31:33,078 - core.database - DEBUG - [DB_OP] Database session created successfully in 0.0005s
2026-03-06 12:31:33,078 - routers.notifications - DEBUG - Querying notificationss: query={}, sort=-created_at, skip=0, limit=50, fields=None
2026-03-06 12:31:33,435 - routers.notifications - DEBUG - Found 6 notificationss
2026-03-06 12:31:33,436 - core.database - DEBUG - [DB_OP] Database session cleanup after 0.3584s
2026-03-06 12:32:03,081 - core.database - DEBUG - [DB_OP] Starting get_db session creation
2026-03-06 12:32:03,081 - core.database - DEBUG - [DB_OP] Database session created successfully in 0.0005s
2026-03-06 12:32:03,082 - routers.notifications - DEBUG - Querying notificationss: query={}, sort=-created_at, skip=0, limit=50, fields=None
2026-03-06 12:32:03,554 - routers.notifications - DEBUG - Found 6 notificationss
2026-03-06 12:32:03,555 - core.database - DEBUG - [DB_OP] Database session cleanup after 0.4742s
2026-03-06 12:32:33,077 - core.database - DEBUG - [DB_OP] Starting get_db session creation
2026-03-06 12:32:33,078 - core.database - DEBUG - [DB_OP] Database session created successfully in 0.0017s
2026-03-06 12:32:33,080 - routers.notifications - DEBUG - Querying notificationss: query={}, sort=-created_at, skip=0, limit=50, fields=None
2026-03-06 12:32:33,432 - routers.notifications - DEBUG - Found 6 notificationss
2026-03-06 12:32:33,433 - core.database - DEBUG - [DB_OP] Database session cleanup after 0.3562s
2026-03-06 12:33:24,253 - core.database - DEBUG - [DB_OP] Starting get_db session creation
2026-03-06 12:33:24,254 - core.database - DEBUG - [DB_OP] Database session created successfully in 0.0004s
2026-03-06 12:33:24,254 - routers.notifications - DEBUG - Querying notificationss: query={}, sort=-created_at, skip=0, limit=50, fields=None
2026-03-06 12:33:24,611 - routers.notifications - DEBUG - Found 6 notificationss
2026-03-06 12:33:24,612 - core.database - DEBUG - [DB_OP] Database session cleanup after 0.3585s
2026-03-06 12:34:24,088 - core.database - DEBUG - [DB_OP] Starting get_db session creation
2026-03-06 12:34:24,089 - core.database - DEBUG - [DB_OP] Database session created successfully in 0.0005s
2026-03-06 12:34:24,089 - routers.notifications - DEBUG - Querying notificationss: query={}, sort=-created_at, skip=0, limit=50, fields=None
2026-03-06 12:34:24,443 - routers.notifications - DEBUG - Found 6 notificationss
2026-03-06 12:34:24,444 - core.database - DEBUG - [DB_OP] Database session cleanup after 0.3552s
2026-03-06 12:35:07,571 - core.database - DEBUG - [DB_OP] Starting get_db session creation
2026-03-06 12:35:07,571 - core.database - DEBUG - [DB_OP] Database session created successfully in 0.0004s
2026-03-06 12:35:07,571 - routers.notifications - DEBUG - Querying notificationss: query={}, sort=-created_at, skip=0, limit=50, fields=None
2026-03-06 12:35:08,224 - routers.notifications - DEBUG - Found 6 notificationss
2026-03-06 12:35:08,225 - core.database - DEBUG - [DB_OP] Database session cleanup after 0.6545s
2026-03-06 12:35:33,084 - core.database - DEBUG - [DB_OP] Starting get_db session creation
2026-03-06 12:35:33,084 - core.database - DEBUG - [DB_OP] Database session created successfully in 0.0004s
2026-03-06 12:35:33,084 - routers.notifications - DEBUG - Querying notificationss: query={}, sort=-created_at, skip=0, limit=50, fields=None
2026-03-06 12:35:33,731 - routers.notifications - DEBUG - Found 6 notificationss
2026-03-06 12:35:33,732 - core.database - DEBUG - [DB_OP] Database session cleanup after 0.6483s
