2026-03-06 10:50:05,577 - main - INFO - === Logging system initialized ===
2026-03-06 10:50:05,577 - main - INFO - Log file: logs/app_20260306_105005.log
2026-03-06 10:50:05,577 - main - INFO - Log level: INFO
2026-03-06 10:50:05,577 - main - INFO - Timestamp: 20260306_105005
2026-03-06 10:50:22,657 - main - INFO - Included router: routers.aihub.router
2026-03-06 10:50:22,853 - main - INFO - Included router: routers.auth.router
2026-03-06 10:50:22,880 - main - INFO - Included router: routers.health.router
2026-03-06 10:50:22,920 - main - INFO - Included router: routers.settings.router
2026-03-06 10:50:23,114 - main - INFO - Included router: routers.storage.router
2026-03-06 10:50:23,180 - main - INFO - Included router: routers.user.router
2026-03-06 10:50:23,181 - main - INFO - === Application startup initiated ===
2026-03-06 10:50:23,181 - services.database - DEBUG - [DB_OP] Starting database initialization
2026-03-06 10:50:23,181 - services.database - INFO - 🔧 Starting database initialization...
2026-03-06 10:50:23,181 - core.database - INFO - Starting database initialization...
2026-03-06 10:50:23,181 - core.config - DEBUG - Read dynamic attribute database_url from environment variable DATABASE_URL
2026-03-06 10:50:23,182 - core.database - INFO - Normalizing database URL for async compatibility...
2026-03-06 10:50:23,182 - core.database - INFO - Creating async database engine...
2026-03-06 10:50:23,183 - core.database - INFO - Using QueuePool with connection pooling for non-Lambda environment
2026-03-06 10:50:24,472 - core.database - INFO - Database engine created successfully
2026-03-06 10:50:24,473 - core.database - INFO - Creating async session maker...
2026-03-06 10:50:24,473 - core.database - INFO - Async session maker created successfully
2026-03-06 10:50:24,473 - core.database - INFO - Database connection initialized successfully
2026-03-06 10:50:24,473 - services.database - INFO - 🔧 Database connection initialized, now creating tables if tables not exist...
2026-03-06 10:50:24,473 - core.database - DEBUG - [DB_OP] Starting create_tables
2026-03-06 10:50:24,473 - core.database - INFO - 🔧 Starting table creation...
2026-03-06 10:50:26,197 - core.database - INFO - Tables initialized successfully
2026-03-06 10:50:26,197 - core.database - DEBUG - [DB_OP] Create tables completed in 1.7243s
2026-03-06 10:50:26,257 - services.database - INFO - 🔧 Table creation completed
2026-03-06 10:50:26,257 - services.database - INFO - Database initialized successfully
2026-03-06 10:50:26,258 - services.database - DEBUG - [DB_OP] Database initialization completed in 3.0766s
2026-03-06 10:50:26,260 - services.mock_data - INFO - mock_data directory not found, skipping mock initialization
2026-03-06 10:50:26,260 - services.database - DEBUG - [DB_OP] Starting database initialization
2026-03-06 10:50:26,260 - services.database - INFO - 🔧 Starting database initialization...
2026-03-06 10:50:26,260 - core.database - INFO - Starting database initialization...
2026-03-06 10:50:26,260 - core.database - INFO - Database already initialized
2026-03-06 10:50:26,260 - services.database - INFO - 🔧 Database connection initialized, now creating tables if tables not exist...
2026-03-06 10:50:26,261 - core.database - DEBUG - [DB_OP] Starting create_tables
2026-03-06 10:50:26,261 - core.database - INFO - Tables already initialized
2026-03-06 10:50:26,261 - services.database - INFO - 🔧 Table creation completed
2026-03-06 10:50:26,261 - services.database - INFO - Database initialized successfully
2026-03-06 10:50:26,261 - services.database - DEBUG - [DB_OP] Database initialization completed in 0.0009s
2026-03-06 10:50:26,261 - core.config - DEBUG - Read dynamic attribute admin_user_id from environment variable ADMIN_USER_ID
2026-03-06 10:50:26,261 - core.config - DEBUG - Read dynamic attribute admin_user_email from environment variable ADMIN_USER_EMAIL
2026-03-06 10:50:26,691 - services.auth - DEBUG - Admin user 993861 already exists
2026-03-06 10:50:26,750 - main - INFO - === Application startup completed successfully ===
2026-03-06 10:51:05,618 - services.database - DEBUG - [DB_OP] Starting database close
2026-03-06 10:51:05,682 - core.database - INFO - Database connection closed and engine disposed
2026-03-06 10:51:05,682 - services.database - INFO - Database connections closed
2026-03-06 10:51:05,683 - services.database - DEBUG - [DB_OP] Database close completed in 0.0642s
