2026-02-28 00:19:48,113 - main - INFO - === Logging system initialized ===
2026-02-28 00:19:48,113 - main - INFO - Log file: logs/app_20260228_001948.log
2026-02-28 00:19:48,114 - main - INFO - Log level: INFO
2026-02-28 00:19:48,114 - main - INFO - Timestamp: 20260228_001948
2026-02-28 00:19:58,090 - main - INFO - Included router: routers.aihub.router
2026-02-28 00:19:58,293 - main - INFO - Included router: routers.auth.router
2026-02-28 00:19:58,320 - main - INFO - Included router: routers.health.router
2026-02-28 00:19:58,397 - main - INFO - Included router: routers.settings.router
2026-02-28 00:19:58,585 - main - INFO - Included router: routers.storage.router
2026-02-28 00:19:58,643 - main - INFO - Included router: routers.user.router
2026-02-28 00:19:58,645 - main - INFO - === Application startup initiated ===
2026-02-28 00:19:58,645 - services.database - DEBUG - [DB_OP] Starting database initialization
2026-02-28 00:19:58,645 - services.database - INFO - 🔧 Starting database initialization...
2026-02-28 00:19:58,645 - core.database - INFO - Starting database initialization...
2026-02-28 00:19:58,645 - core.config - DEBUG - Read dynamic attribute database_url from environment variable DATABASE_URL
2026-02-28 00:19:58,645 - core.database - INFO - Normalizing database URL for async compatibility...
2026-02-28 00:19:58,646 - core.database - INFO - Creating async database engine...
2026-02-28 00:19:58,647 - core.database - INFO - Using QueuePool with connection pooling for non-Lambda environment
2026-02-28 00:19:59,034 - core.database - INFO - Database engine created successfully
2026-02-28 00:19:59,035 - core.database - INFO - Creating async session maker...
2026-02-28 00:19:59,035 - core.database - INFO - Async session maker created successfully
2026-02-28 00:19:59,035 - core.database - INFO - Database connection initialized successfully
2026-02-28 00:19:59,035 - services.database - INFO - 🔧 Database connection initialized, now creating tables if tables not exist...
2026-02-28 00:19:59,035 - core.database - DEBUG - [DB_OP] Starting create_tables
2026-02-28 00:19:59,035 - core.database - INFO - 🔧 Starting table creation...
2026-02-28 00:20:00,885 - core.database - INFO - Tables initialized successfully
2026-02-28 00:20:00,895 - core.database - DEBUG - [DB_OP] Create tables completed in 1.8596s
2026-02-28 00:20:00,956 - services.database - INFO - 🔧 Table creation completed
2026-02-28 00:20:00,956 - services.database - INFO - Database initialized successfully
2026-02-28 00:20:00,956 - services.database - DEBUG - [DB_OP] Database initialization completed in 2.3113s
2026-02-28 00:20:00,959 - services.mock_data - INFO - mock_data directory not found, skipping mock initialization
2026-02-28 00:20:00,960 - services.database - DEBUG - [DB_OP] Starting database initialization
2026-02-28 00:20:00,960 - services.database - INFO - 🔧 Starting database initialization...
2026-02-28 00:20:00,960 - core.database - INFO - Starting database initialization...
2026-02-28 00:20:00,960 - core.database - INFO - Database already initialized
2026-02-28 00:20:00,960 - services.database - INFO - 🔧 Database connection initialized, now creating tables if tables not exist...
2026-02-28 00:20:00,960 - core.database - DEBUG - [DB_OP] Starting create_tables
2026-02-28 00:20:00,960 - core.database - INFO - Tables already initialized
2026-02-28 00:20:00,960 - services.database - INFO - 🔧 Table creation completed
2026-02-28 00:20:00,960 - services.database - INFO - Database initialized successfully
2026-02-28 00:20:00,960 - services.database - DEBUG - [DB_OP] Database initialization completed in 0.0008s
2026-02-28 00:20:00,960 - core.config - DEBUG - Read dynamic attribute admin_user_id from environment variable ADMIN_USER_ID
2026-02-28 00:20:00,961 - core.config - DEBUG - Read dynamic attribute admin_user_email from environment variable ADMIN_USER_EMAIL
2026-02-28 00:20:01,560 - services.auth - DEBUG - Created admin user: 993861 with email: aslanbeymiran434@gmail.com
2026-02-28 00:20:01,561 - main - INFO - === Application startup completed successfully ===
2026-02-28 00:20:01,662 - services.database - DEBUG - [DB_OP] Starting database close
2026-02-28 00:20:01,725 - core.database - INFO - Database connection closed and engine disposed
2026-02-28 00:20:01,725 - services.database - INFO - Database connections closed
2026-02-28 00:20:01,725 - services.database - DEBUG - [DB_OP] Database close completed in 0.0631s
