2026-03-06 10:51:30,948 - main - INFO - === Logging system initialized ===
2026-03-06 10:51:30,949 - main - INFO - Log file: logs/app_20260306_105130.log
2026-03-06 10:51:30,949 - main - INFO - Log level: INFO
2026-03-06 10:51:30,949 - main - INFO - Timestamp: 20260306_105130
2026-03-06 10:51:31,878 - main - INFO - Included router: routers.aihub.router
2026-03-06 10:51:31,903 - main - INFO - Included router: routers.auth.router
2026-03-06 10:51:31,913 - main - INFO - Included router: routers.health.router
2026-03-06 10:51:31,938 - main - INFO - Included router: routers.settings.router
2026-03-06 10:51:32,085 - main - INFO - Included router: routers.storage.router
2026-03-06 10:51:32,975 - main - INFO - Included router: routers.telegram.router
2026-03-06 10:51:32,990 - main - INFO - Included router: routers.user.router
2026-03-06 10:51:32,991 - main - INFO - === Application startup initiated ===
2026-03-06 10:51:32,992 - services.database - DEBUG - [DB_OP] Starting database initialization
2026-03-06 10:51:32,992 - services.database - INFO - 🔧 Starting database initialization...
2026-03-06 10:51:32,992 - core.database - INFO - Starting database initialization...
2026-03-06 10:51:32,992 - core.config - DEBUG - Read dynamic attribute database_url from environment variable DATABASE_URL
2026-03-06 10:51:32,992 - core.database - INFO - Normalizing database URL for async compatibility...
2026-03-06 10:51:32,993 - core.database - INFO - Creating async database engine...
2026-03-06 10:51:32,993 - core.database - INFO - Using QueuePool with connection pooling for non-Lambda environment
2026-03-06 10:51:33,058 - core.database - INFO - Database engine created successfully
2026-03-06 10:51:33,058 - core.database - INFO - Creating async session maker...
2026-03-06 10:51:33,058 - core.database - INFO - Async session maker created successfully
2026-03-06 10:51:33,059 - core.database - INFO - Database connection initialized successfully
2026-03-06 10:51:33,059 - services.database - INFO - 🔧 Database connection initialized, now creating tables if tables not exist...
2026-03-06 10:51:33,059 - core.database - DEBUG - [DB_OP] Starting create_tables
2026-03-06 10:51:33,059 - core.database - INFO - 🔧 Starting table creation...
2026-03-06 10:51:34,335 - core.database - INFO - Tables initialized successfully
2026-03-06 10:51:34,335 - core.database - DEBUG - [DB_OP] Create tables completed in 1.2759s
2026-03-06 10:51:34,397 - services.database - INFO - 🔧 Table creation completed
2026-03-06 10:51:34,397 - services.database - INFO - Database initialized successfully
2026-03-06 10:51:34,397 - services.database - DEBUG - [DB_OP] Database initialization completed in 1.4055s
2026-03-06 10:51:34,400 - services.mock_data - INFO - mock_data directory not found, skipping mock initialization
2026-03-06 10:51:34,401 - services.database - DEBUG - [DB_OP] Starting database initialization
2026-03-06 10:51:34,401 - services.database - INFO - 🔧 Starting database initialization...
2026-03-06 10:51:34,401 - core.database - INFO - Starting database initialization...
2026-03-06 10:51:34,402 - core.database - INFO - Database already initialized
2026-03-06 10:51:34,402 - services.database - INFO - 🔧 Database connection initialized, now creating tables if tables not exist...
2026-03-06 10:51:34,402 - core.database - DEBUG - [DB_OP] Starting create_tables
2026-03-06 10:51:34,402 - core.database - INFO - Tables already initialized
2026-03-06 10:51:34,402 - services.database - INFO - 🔧 Table creation completed
2026-03-06 10:51:34,402 - services.database - INFO - Database initialized successfully
2026-03-06 10:51:34,402 - services.database - DEBUG - [DB_OP] Database initialization completed in 0.0018s
2026-03-06 10:51:34,403 - core.config - DEBUG - Read dynamic attribute admin_user_id from environment variable ADMIN_USER_ID
2026-03-06 10:51:34,403 - core.config - DEBUG - Read dynamic attribute admin_user_email from environment variable ADMIN_USER_EMAIL
2026-03-06 10:51:34,830 - services.auth - DEBUG - Admin user 993861 already exists
2026-03-06 10:51:34,890 - main - INFO - === Application startup completed successfully ===
2026-03-06 10:58:17,269 - services.database - DEBUG - [DB_OP] Starting database close
2026-03-06 10:58:17,270 - core.database - INFO - Database connection closed and engine disposed
2026-03-06 10:58:17,270 - services.database - INFO - Database connections closed
2026-03-06 10:58:17,271 - services.database - DEBUG - [DB_OP] Database close completed in 0.0019s
