2026-03-06 10:58:51,415 - main - INFO - === Logging system initialized ===
2026-03-06 10:58:51,415 - main - INFO - Log file: logs/app_20260306_105851.log
2026-03-06 10:58:51,416 - main - INFO - Log level: INFO
2026-03-06 10:58:51,416 - main - INFO - Timestamp: 20260306_105851
2026-03-06 10:58:52,615 - main - INFO - Included router: routers.aihub.router
2026-03-06 10:58:52,637 - main - INFO - Included router: routers.auth.router
2026-03-06 10:58:52,641 - main - INFO - Included router: routers.health.router
2026-03-06 10:58:52,663 - main - INFO - Included router: routers.settings.router
2026-03-06 10:58:52,777 - main - INFO - Included router: routers.storage.router
2026-03-06 10:58:53,019 - main - INFO - Included router: routers.telegram.router
2026-03-06 10:58:53,032 - main - INFO - Included router: routers.user.router
2026-03-06 10:58:53,033 - main - INFO - === Application startup initiated ===
2026-03-06 10:58:53,034 - services.database - DEBUG - [DB_OP] Starting database initialization
2026-03-06 10:58:53,034 - services.database - INFO - 🔧 Starting database initialization...
2026-03-06 10:58:53,034 - core.database - INFO - Starting database initialization...
2026-03-06 10:58:53,034 - core.config - DEBUG - Read dynamic attribute database_url from environment variable DATABASE_URL
2026-03-06 10:58:53,034 - core.database - INFO - Normalizing database URL for async compatibility...
2026-03-06 10:58:53,035 - core.database - INFO - Creating async database engine...
2026-03-06 10:58:53,036 - core.database - INFO - Using QueuePool with connection pooling for non-Lambda environment
2026-03-06 10:58:53,095 - core.database - INFO - Database engine created successfully
2026-03-06 10:58:53,095 - core.database - INFO - Creating async session maker...
2026-03-06 10:58:53,095 - core.database - INFO - Async session maker created successfully
2026-03-06 10:58:53,095 - core.database - INFO - Database connection initialized successfully
2026-03-06 10:58:53,095 - services.database - INFO - 🔧 Database connection initialized, now creating tables if tables not exist...
2026-03-06 10:58:53,096 - core.database - DEBUG - [DB_OP] Starting create_tables
2026-03-06 10:58:53,096 - core.database - INFO - 🔧 Starting table creation...
2026-03-06 10:58:58,372 - core.database - INFO - Tables initialized successfully
2026-03-06 10:58:58,372 - core.database - DEBUG - [DB_OP] Create tables completed in 5.2765s
2026-03-06 10:58:58,431 - services.database - INFO - 🔧 Table creation completed
2026-03-06 10:58:58,431 - services.database - INFO - Database initialized successfully
2026-03-06 10:58:58,432 - services.database - DEBUG - [DB_OP] Database initialization completed in 5.3981s
2026-03-06 10:58:58,432 - services.mock_data - INFO - mock_data directory not found, skipping mock initialization
2026-03-06 10:58:58,433 - services.database - DEBUG - [DB_OP] Starting database initialization
2026-03-06 10:58:58,433 - services.database - INFO - 🔧 Starting database initialization...
2026-03-06 10:58:58,433 - core.database - INFO - Starting database initialization...
2026-03-06 10:58:58,433 - core.database - INFO - Database already initialized
2026-03-06 10:58:58,433 - services.database - INFO - 🔧 Database connection initialized, now creating tables if tables not exist...
2026-03-06 10:58:58,433 - core.database - DEBUG - [DB_OP] Starting create_tables
2026-03-06 10:58:58,434 - core.database - INFO - Tables already initialized
2026-03-06 10:58:58,434 - services.database - INFO - 🔧 Table creation completed
2026-03-06 10:58:58,434 - services.database - INFO - Database initialized successfully
2026-03-06 10:58:58,434 - services.database - DEBUG - [DB_OP] Database initialization completed in 0.0014s
2026-03-06 10:58:58,434 - core.config - DEBUG - Read dynamic attribute admin_user_id from environment variable ADMIN_USER_ID
2026-03-06 10:58:58,434 - core.config - DEBUG - Read dynamic attribute admin_user_email from environment variable ADMIN_USER_EMAIL
2026-03-06 10:58:58,863 - services.auth - DEBUG - Admin user 993861 already exists
2026-03-06 10:58:58,923 - main - INFO - === Application startup completed successfully ===
2026-03-06 10:59:50,341 - services.database - DEBUG - [DB_OP] Starting database close
2026-03-06 10:59:50,404 - core.database - INFO - Database connection closed and engine disposed
2026-03-06 10:59:50,404 - services.database - INFO - Database connections closed
2026-03-06 10:59:50,404 - services.database - DEBUG - [DB_OP] Database close completed in 0.0629s
